DEBUG   |181120 02:57:33|Fetching filter data from database
DEBUG   |181120 02:57:33|Loading filters
DEBUG   |181120 02:57:33|-- Loading filter Directories
DEBUG   |181120 02:57:33|-- Loading filter Extradirs
DEBUG   |181120 02:57:33|-- Loading filter Files
DEBUG   |181120 02:57:33|-- Loading filter Incremental
DEBUG   |181120 02:57:33|-- Loading filter Multidb
DEBUG   |181120 02:57:33|-- Loading filter Regexdirectories
DEBUG   |181120 02:57:33|-- Loading filter Regexfiles
DEBUG   |181120 02:57:33|-- Loading filter Regexskipdirs
DEBUG   |181120 02:57:33|-- Loading filter Regexskipfiles
DEBUG   |181120 02:57:33|-- Loading filter Regextabledata
DEBUG   |181120 02:57:33|-- Loading filter Regextables
DEBUG   |181120 02:57:33|-- Loading filter Skipdirs
DEBUG   |181120 02:57:33|-- Loading filter Skipfiles
DEBUG   |181120 02:57:33|-- Loading filter Tabledata
DEBUG   |181120 02:57:33|-- Loading filter Tables
DEBUG   |181120 02:57:33|-- Loading filter Cvsfolders
DEBUG   |181120 02:57:33|-- Loading filter Excludefiles
DEBUG   |181120 02:57:33|-- Loading filter Excludefolders
DEBUG   |181120 02:57:33|-- Loading filter Excludetabledata
DEBUG   |181120 02:57:33|-- Loading filter Joomlaskipdirs
DEBUG   |181120 02:57:33|-- Loading filter Joomlaskipfiles
DEBUG   |181120 02:57:33|-- Loading filter Libraries
DEBUG   |181120 02:57:33|-- Loading filter Sitedb
DEBUG   |181120 02:57:33|-- Loading filter Siteroot
DEBUG   |181120 02:57:33|-- Loading filter Systemcachefiles
DEBUG   |181120 02:57:33|Loading optional filters
DEBUG   |181120 02:57:33|-- Loading optional filter Stack\StackErrorlogs
DEBUG   |181120 02:57:33|-- Loading optional filter Stack\StackHoststats
DEBUG   |181120 02:57:33|-- Loading optional filter Stack\StackFinder
DEBUG   |181120 02:57:33|-- Loading optional filter Stack\StackMyjoomla
DEBUG   |181120 03:00:05|Fetching filter data from database
DEBUG   |181120 03:00:05|Loading filters
DEBUG   |181120 03:00:05|-- Loading filter Directories
DEBUG   |181120 03:00:05|-- Loading filter Extradirs
DEBUG   |181120 03:00:05|-- Loading filter Files
DEBUG   |181120 03:00:05|-- Loading filter Incremental
DEBUG   |181120 03:00:05|-- Loading filter Multidb
DEBUG   |181120 03:00:05|-- Loading filter Regexdirectories
DEBUG   |181120 03:00:05|-- Loading filter Regexfiles
DEBUG   |181120 03:00:05|-- Loading filter Regexskipdirs
DEBUG   |181120 03:00:05|-- Loading filter Regexskipfiles
DEBUG   |181120 03:00:05|-- Loading filter Regextabledata
DEBUG   |181120 03:00:05|-- Loading filter Regextables
DEBUG   |181120 03:00:05|-- Loading filter Skipdirs
DEBUG   |181120 03:00:05|-- Loading filter Skipfiles
DEBUG   |181120 03:00:05|-- Loading filter Tabledata
DEBUG   |181120 03:00:05|-- Loading filter Tables
DEBUG   |181120 03:00:05|-- Loading filter Cvsfolders
DEBUG   |181120 03:00:05|-- Loading filter Excludefiles
DEBUG   |181120 03:00:05|-- Loading filter Excludefolders
DEBUG   |181120 03:00:05|-- Loading filter Excludetabledata
DEBUG   |181120 03:00:05|-- Loading filter Joomlaskipdirs
DEBUG   |181120 03:00:05|-- Loading filter Joomlaskipfiles
DEBUG   |181120 03:00:05|-- Loading filter Libraries
DEBUG   |181120 03:00:05|-- Loading filter Sitedb
DEBUG   |181120 03:00:05|-- Loading filter Siteroot
DEBUG   |181120 03:00:05|-- Loading filter Systemcachefiles
DEBUG   |181120 03:00:05|Loading optional filters
DEBUG   |181120 03:00:05|-- Loading optional filter Stack\StackErrorlogs
DEBUG   |181120 03:00:05|-- Loading optional filter Stack\StackHoststats
DEBUG   |181120 03:00:05|-- Loading optional filter Stack\StackActionlogs
DEBUG   |181120 03:00:05|-- Loading optional filter Stack\StackFinder
DEBUG   |181120 03:00:05|-- Loading optional filter Stack\StackMyjoomla
DEBUG   |181120 03:08:48|Fetching filter data from database
DEBUG   |181120 03:08:48|Loading filters
DEBUG   |181120 03:08:48|-- Loading filter Directories
DEBUG   |181120 03:08:48|-- Loading filter Extradirs
DEBUG   |181120 03:08:48|-- Loading filter Files
DEBUG   |181120 03:08:48|-- Loading filter Incremental
DEBUG   |181120 03:08:48|-- Loading filter Multidb
DEBUG   |181120 03:08:48|-- Loading filter Regexdirectories
DEBUG   |181120 03:08:48|-- Loading filter Regexfiles
DEBUG   |181120 03:08:48|-- Loading filter Regexskipdirs
DEBUG   |181120 03:08:48|-- Loading filter Regexskipfiles
DEBUG   |181120 03:08:48|-- Loading filter Regextabledata
DEBUG   |181120 03:08:48|-- Loading filter Regextables
DEBUG   |181120 03:08:48|-- Loading filter Skipdirs
DEBUG   |181120 03:08:48|-- Loading filter Skipfiles
DEBUG   |181120 03:08:48|-- Loading filter Tabledata
DEBUG   |181120 03:08:48|-- Loading filter Tables
DEBUG   |181120 03:08:48|-- Loading filter Cvsfolders
DEBUG   |181120 03:08:48|-- Loading filter Excludefiles
DEBUG   |181120 03:08:48|-- Loading filter Excludefolders
DEBUG   |181120 03:08:48|-- Loading filter Excludetabledata
DEBUG   |181120 03:08:48|-- Loading filter Joomlaskipdirs
DEBUG   |181120 03:08:48|-- Loading filter Joomlaskipfiles
DEBUG   |181120 03:08:48|-- Loading filter Libraries
DEBUG   |181120 03:08:48|-- Loading filter Sitedb
DEBUG   |181120 03:08:48|-- Loading filter Siteroot
DEBUG   |181120 03:08:48|-- Loading filter Systemcachefiles
DEBUG   |181120 03:08:48|Loading optional filters
DEBUG   |181120 03:08:48|-- Loading optional filter Stack\StackErrorlogs
DEBUG   |181120 03:08:48|-- Loading optional filter Stack\StackHoststats
DEBUG   |181120 03:08:48|-- Loading optional filter Stack\StackActionlogs
DEBUG   |181120 03:08:48|-- Loading optional filter Stack\StackFinder
DEBUG   |181120 03:08:48|-- Loading optional filter Stack\StackMyjoomla
DEBUG   |181120 05:33:10|Fetching filter data from database
DEBUG   |181120 05:33:10|Loading filters
DEBUG   |181120 05:33:10|-- Loading filter Directories
DEBUG   |181120 05:33:10|-- Loading filter Extradirs
DEBUG   |181120 05:33:10|-- Loading filter Files
DEBUG   |181120 05:33:10|-- Loading filter Incremental
DEBUG   |181120 05:33:10|-- Loading filter Multidb
DEBUG   |181120 05:33:10|-- Loading filter Regexdirectories
DEBUG   |181120 05:33:10|-- Loading filter Regexfiles
DEBUG   |181120 05:33:10|-- Loading filter Regexskipdirs
DEBUG   |181120 05:33:10|-- Loading filter Regexskipfiles
DEBUG   |181120 05:33:10|-- Loading filter Regextabledata
DEBUG   |181120 05:33:10|-- Loading filter Regextables
DEBUG   |181120 05:33:10|-- Loading filter Skipdirs
DEBUG   |181120 05:33:10|-- Loading filter Skipfiles
DEBUG   |181120 05:33:10|-- Loading filter Tabledata
DEBUG   |181120 05:33:10|-- Loading filter Tables
DEBUG   |181120 05:33:10|-- Loading filter Cvsfolders
DEBUG   |181120 05:33:10|-- Loading filter Excludefiles
DEBUG   |181120 05:33:10|-- Loading filter Excludefolders
DEBUG   |181120 05:33:10|-- Loading filter Excludetabledata
DEBUG   |181120 05:33:10|-- Loading filter Joomlaskipdirs
DEBUG   |181120 05:33:10|-- Loading filter Joomlaskipfiles
DEBUG   |181120 05:33:10|-- Loading filter Libraries
DEBUG   |181120 05:33:10|-- Loading filter Sitedb
DEBUG   |181120 05:33:10|-- Loading filter Siteroot
DEBUG   |181120 05:33:10|-- Loading filter Systemcachefiles
DEBUG   |181120 05:33:10|Loading optional filters
DEBUG   |181120 05:33:10|-- Loading optional filter Stack\StackErrorlogs
DEBUG   |181120 05:33:10|-- Loading optional filter Stack\StackHoststats
DEBUG   |181120 05:33:10|-- Loading optional filter Stack\StackActionlogs
DEBUG   |181120 05:33:10|-- Loading optional filter Stack\StackFinder
DEBUG   |181120 05:33:10|-- Loading optional filter Stack\StackMyjoomla
DEBUG   |181120 05:35:43|Fetching filter data from database
DEBUG   |181120 05:35:43|Loading filters
DEBUG   |181120 05:35:43|-- Loading filter Directories
DEBUG   |181120 05:35:43|-- Loading filter Extradirs
DEBUG   |181120 05:35:43|-- Loading filter Files
DEBUG   |181120 05:35:43|-- Loading filter Incremental
DEBUG   |181120 05:35:43|-- Loading filter Multidb
DEBUG   |181120 05:35:43|-- Loading filter Regexdirectories
DEBUG   |181120 05:35:43|-- Loading filter Regexfiles
DEBUG   |181120 05:35:43|-- Loading filter Regexskipdirs
DEBUG   |181120 05:35:43|-- Loading filter Regexskipfiles
DEBUG   |181120 05:35:43|-- Loading filter Regextabledata
DEBUG   |181120 05:35:43|-- Loading filter Regextables
DEBUG   |181120 05:35:43|-- Loading filter Skipdirs
DEBUG   |181120 05:35:43|-- Loading filter Skipfiles
DEBUG   |181120 05:35:43|-- Loading filter Tabledata
DEBUG   |181120 05:35:43|-- Loading filter Tables
DEBUG   |181120 05:35:43|-- Loading filter Cvsfolders
DEBUG   |181120 05:35:43|-- Loading filter Excludefiles
DEBUG   |181120 05:35:43|-- Loading filter Excludefolders
DEBUG   |181120 05:35:43|-- Loading filter Excludetabledata
DEBUG   |181120 05:35:43|-- Loading filter Joomlaskipdirs
DEBUG   |181120 05:35:43|-- Loading filter Joomlaskipfiles
DEBUG   |181120 05:35:43|-- Loading filter Libraries
DEBUG   |181120 05:35:43|-- Loading filter Sitedb
DEBUG   |181120 05:35:43|-- Loading filter Siteroot
DEBUG   |181120 05:35:43|-- Loading filter Systemcachefiles
DEBUG   |181120 05:35:43|Loading optional filters
DEBUG   |181120 05:35:43|-- Loading optional filter Stack\StackErrorlogs
DEBUG   |181120 05:35:44|-- Loading optional filter Stack\StackHoststats
DEBUG   |181120 05:35:44|-- Loading optional filter Stack\StackActionlogs
DEBUG   |181120 05:35:44|-- Loading optional filter Stack\StackFinder
DEBUG   |181120 05:35:44|-- Loading optional filter Stack\StackMyjoomla
DEBUG   |181120 05:41:24|Fetching filter data from database
DEBUG   |181120 05:41:24|Loading filters
DEBUG   |181120 05:41:24|-- Loading filter Directories
DEBUG   |181120 05:41:24|-- Loading filter Extradirs
DEBUG   |181120 05:41:24|-- Loading filter Files
DEBUG   |181120 05:41:24|-- Loading filter Incremental
DEBUG   |181120 05:41:24|-- Loading filter Multidb
DEBUG   |181120 05:41:24|-- Loading filter Regexdirectories
DEBUG   |181120 05:41:24|-- Loading filter Regexfiles
DEBUG   |181120 05:41:24|-- Loading filter Regexskipdirs
DEBUG   |181120 05:41:24|-- Loading filter Regexskipfiles
DEBUG   |181120 05:41:24|-- Loading filter Regextabledata
DEBUG   |181120 05:41:24|-- Loading filter Regextables
DEBUG   |181120 05:41:24|-- Loading filter Skipdirs
DEBUG   |181120 05:41:24|-- Loading filter Skipfiles
DEBUG   |181120 05:41:24|-- Loading filter Tabledata
DEBUG   |181120 05:41:24|-- Loading filter Tables
DEBUG   |181120 05:41:24|-- Loading filter Cvsfolders
DEBUG   |181120 05:41:24|-- Loading filter Excludefiles
DEBUG   |181120 05:41:24|-- Loading filter Excludefolders
DEBUG   |181120 05:41:24|-- Loading filter Excludetabledata
DEBUG   |181120 05:41:24|-- Loading filter Joomlaskipdirs
DEBUG   |181120 05:41:24|-- Loading filter Joomlaskipfiles
DEBUG   |181120 05:41:24|-- Loading filter Libraries
DEBUG   |181120 05:41:24|-- Loading filter Sitedb
DEBUG   |181120 05:41:24|-- Loading filter Siteroot
DEBUG   |181120 05:41:24|-- Loading filter Systemcachefiles
DEBUG   |181120 05:41:24|Loading optional filters
DEBUG   |181120 05:41:24|-- Loading optional filter Stack\StackErrorlogs
DEBUG   |181120 05:41:24|-- Loading optional filter Stack\StackHoststats
DEBUG   |181120 05:41:24|-- Loading optional filter Stack\StackActionlogs
DEBUG   |181120 05:41:24|-- Loading optional filter Stack\StackFinder
DEBUG   |181120 05:41:24|-- Loading optional filter Stack\StackMyjoomla
DEBUG   |181120 05:43:11|Fetching filter data from database
DEBUG   |181120 05:43:11|Loading filters
DEBUG   |181120 05:43:11|-- Loading filter Directories
DEBUG   |181120 05:43:11|-- Loading filter Extradirs
DEBUG   |181120 05:43:11|-- Loading filter Files
DEBUG   |181120 05:43:11|-- Loading filter Incremental
DEBUG   |181120 05:43:11|-- Loading filter Multidb
DEBUG   |181120 05:43:11|-- Loading filter Regexdirectories
DEBUG   |181120 05:43:11|-- Loading filter Regexfiles
DEBUG   |181120 05:43:11|-- Loading filter Regexskipdirs
DEBUG   |181120 05:43:11|-- Loading filter Regexskipfiles
DEBUG   |181120 05:43:11|-- Loading filter Regextabledata
DEBUG   |181120 05:43:11|-- Loading filter Regextables
DEBUG   |181120 05:43:11|-- Loading filter Skipdirs
DEBUG   |181120 05:43:11|-- Loading filter Skipfiles
DEBUG   |181120 05:43:11|-- Loading filter Tabledata
DEBUG   |181120 05:43:11|-- Loading filter Tables
DEBUG   |181120 05:43:11|-- Loading filter Cvsfolders
DEBUG   |181120 05:43:11|-- Loading filter Excludefiles
DEBUG   |181120 05:43:11|-- Loading filter Excludefolders
DEBUG   |181120 05:43:11|-- Loading filter Excludetabledata
DEBUG   |181120 05:43:11|-- Loading filter Joomlaskipdirs
DEBUG   |181120 05:43:11|-- Loading filter Joomlaskipfiles
DEBUG   |181120 05:43:11|-- Loading filter Libraries
DEBUG   |181120 05:43:11|-- Loading filter Sitedb
DEBUG   |181120 05:43:11|-- Loading filter Siteroot
DEBUG   |181120 05:43:11|-- Loading filter Systemcachefiles
DEBUG   |181120 05:43:11|Loading optional filters
DEBUG   |181120 05:43:11|-- Loading optional filter Stack\StackErrorlogs
DEBUG   |181120 05:43:11|-- Loading optional filter Stack\StackHoststats
DEBUG   |181120 05:43:11|-- Loading optional filter Stack\StackActionlogs
DEBUG   |181120 05:43:11|-- Loading optional filter Stack\StackFinder
DEBUG   |181120 05:43:11|-- Loading optional filter Stack\StackMyjoomla
DEBUG   |181121 03:50:15|Fetching filter data from database
DEBUG   |181121 03:50:15|Loading filters
DEBUG   |181121 03:50:15|-- Loading filter Directories
DEBUG   |181121 03:50:15|-- Loading filter Extradirs
DEBUG   |181121 03:50:15|-- Loading filter Files
DEBUG   |181121 03:50:15|-- Loading filter Incremental
DEBUG   |181121 03:50:15|-- Loading filter Multidb
DEBUG   |181121 03:50:15|-- Loading filter Regexdirectories
DEBUG   |181121 03:50:15|-- Loading filter Regexfiles
DEBUG   |181121 03:50:15|-- Loading filter Regexskipdirs
DEBUG   |181121 03:50:15|-- Loading filter Regexskipfiles
DEBUG   |181121 03:50:15|-- Loading filter Regextabledata
DEBUG   |181121 03:50:15|-- Loading filter Regextables
DEBUG   |181121 03:50:15|-- Loading filter Skipdirs
DEBUG   |181121 03:50:15|-- Loading filter Skipfiles
DEBUG   |181121 03:50:15|-- Loading filter Tabledata
DEBUG   |181121 03:50:15|-- Loading filter Tables
DEBUG   |181121 03:50:15|-- Loading filter Cvsfolders
DEBUG   |181121 03:50:15|-- Loading filter Excludefiles
DEBUG   |181121 03:50:15|-- Loading filter Excludefolders
DEBUG   |181121 03:50:15|-- Loading filter Excludetabledata
DEBUG   |181121 03:50:15|-- Loading filter Joomlaskipdirs
DEBUG   |181121 03:50:15|-- Loading filter Joomlaskipfiles
DEBUG   |181121 03:50:15|-- Loading filter Libraries
DEBUG   |181121 03:50:15|-- Loading filter Sitedb
DEBUG   |181121 03:50:15|-- Loading filter Siteroot
DEBUG   |181121 03:50:15|-- Loading filter Systemcachefiles
DEBUG   |181121 03:50:15|Loading optional filters
DEBUG   |181121 03:50:15|-- Loading optional filter Stack\StackErrorlogs
DEBUG   |181121 03:50:15|-- Loading optional filter Stack\StackHoststats
DEBUG   |181121 03:50:15|-- Loading optional filter Stack\StackActionlogs
DEBUG   |181121 03:50:15|-- Loading optional filter Stack\StackFinder
DEBUG   |181121 03:50:15|-- Loading optional filter Stack\StackMyjoomla
DEBUG   |181121 03:51:25|Fetching filter data from database
DEBUG   |181121 03:51:25|Loading filters
DEBUG   |181121 03:51:25|-- Loading filter Directories
DEBUG   |181121 03:51:25|-- Loading filter Extradirs
DEBUG   |181121 03:51:25|-- Loading filter Files
DEBUG   |181121 03:51:25|-- Loading filter Incremental
DEBUG   |181121 03:51:25|-- Loading filter Multidb
DEBUG   |181121 03:51:25|-- Loading filter Regexdirectories
DEBUG   |181121 03:51:25|-- Loading filter Regexfiles
DEBUG   |181121 03:51:25|-- Loading filter Regexskipdirs
DEBUG   |181121 03:51:25|-- Loading filter Regexskipfiles
DEBUG   |181121 03:51:25|-- Loading filter Regextabledata
DEBUG   |181121 03:51:25|-- Loading filter Regextables
DEBUG   |181121 03:51:25|-- Loading filter Skipdirs
DEBUG   |181121 03:51:25|-- Loading filter Skipfiles
DEBUG   |181121 03:51:25|-- Loading filter Tabledata
DEBUG   |181121 03:51:25|-- Loading filter Tables
DEBUG   |181121 03:51:25|-- Loading filter Cvsfolders
DEBUG   |181121 03:51:25|-- Loading filter Excludefiles
DEBUG   |181121 03:51:25|-- Loading filter Excludefolders
DEBUG   |181121 03:51:25|-- Loading filter Excludetabledata
DEBUG   |181121 03:51:25|-- Loading filter Joomlaskipdirs
DEBUG   |181121 03:51:25|-- Loading filter Joomlaskipfiles
DEBUG   |181121 03:51:25|-- Loading filter Libraries
DEBUG   |181121 03:51:25|-- Loading filter Sitedb
DEBUG   |181121 03:51:25|-- Loading filter Siteroot
DEBUG   |181121 03:51:25|-- Loading filter Systemcachefiles
DEBUG   |181121 03:51:25|Loading optional filters
DEBUG   |181121 03:51:25|-- Loading optional filter Stack\StackErrorlogs
DEBUG   |181121 03:51:25|-- Loading optional filter Stack\StackHoststats
DEBUG   |181121 03:51:25|-- Loading optional filter Stack\StackActionlogs
DEBUG   |181121 03:51:25|-- Loading optional filter Stack\StackFinder
DEBUG   |181121 03:51:25|-- Loading optional filter Stack\StackMyjoomla
DEBUG   |181121 03:51:59|Fetching filter data from database
DEBUG   |181121 03:51:59|Loading filters
DEBUG   |181121 03:51:59|-- Loading filter Directories
DEBUG   |181121 03:51:59|-- Loading filter Extradirs
DEBUG   |181121 03:51:59|-- Loading filter Files
DEBUG   |181121 03:51:59|-- Loading filter Incremental
DEBUG   |181121 03:51:59|-- Loading filter Multidb
DEBUG   |181121 03:51:59|-- Loading filter Regexdirectories
DEBUG   |181121 03:51:59|-- Loading filter Regexfiles
DEBUG   |181121 03:51:59|-- Loading filter Regexskipdirs
DEBUG   |181121 03:51:59|-- Loading filter Regexskipfiles
DEBUG   |181121 03:51:59|-- Loading filter Regextabledata
DEBUG   |181121 03:51:59|-- Loading filter Regextables
DEBUG   |181121 03:51:59|-- Loading filter Skipdirs
DEBUG   |181121 03:51:59|-- Loading filter Skipfiles
DEBUG   |181121 03:51:59|-- Loading filter Tabledata
DEBUG   |181121 03:51:59|-- Loading filter Tables
DEBUG   |181121 03:51:59|-- Loading filter Cvsfolders
DEBUG   |181121 03:51:59|-- Loading filter Excludefiles
DEBUG   |181121 03:51:59|-- Loading filter Excludefolders
DEBUG   |181121 03:51:59|-- Loading filter Excludetabledata
DEBUG   |181121 03:51:59|-- Loading filter Joomlaskipdirs
DEBUG   |181121 03:51:59|-- Loading filter Joomlaskipfiles
DEBUG   |181121 03:51:59|-- Loading filter Libraries
DEBUG   |181121 03:51:59|-- Loading filter Sitedb
DEBUG   |181121 03:51:59|-- Loading filter Siteroot
DEBUG   |181121 03:51:59|-- Loading filter Systemcachefiles
DEBUG   |181121 03:51:59|Loading optional filters
DEBUG   |181121 03:51:59|-- Loading optional filter Stack\StackErrorlogs
DEBUG   |181121 03:51:59|-- Loading optional filter Stack\StackHoststats
DEBUG   |181121 03:51:59|-- Loading optional filter Stack\StackActionlogs
DEBUG   |181121 03:51:59|-- Loading optional filter Stack\StackFinder
DEBUG   |181121 03:51:59|-- Loading optional filter Stack\StackMyjoomla
DEBUG   |181121 03:56:10|Fetching filter data from database
DEBUG   |181121 03:56:10|Loading filters
DEBUG   |181121 03:56:10|-- Loading filter Directories
DEBUG   |181121 03:56:10|-- Loading filter Extradirs
DEBUG   |181121 03:56:10|-- Loading filter Files
DEBUG   |181121 03:56:10|-- Loading filter Incremental
DEBUG   |181121 03:56:10|-- Loading filter Multidb
DEBUG   |181121 03:56:10|-- Loading filter Regexdirectories
DEBUG   |181121 03:56:10|-- Loading filter Regexfiles
DEBUG   |181121 03:56:10|-- Loading filter Regexskipdirs
DEBUG   |181121 03:56:10|-- Loading filter Regexskipfiles
DEBUG   |181121 03:56:10|-- Loading filter Regextabledata
DEBUG   |181121 03:56:10|-- Loading filter Regextables
DEBUG   |181121 03:56:10|-- Loading filter Skipdirs
DEBUG   |181121 03:56:10|-- Loading filter Skipfiles
DEBUG   |181121 03:56:10|-- Loading filter Tabledata
DEBUG   |181121 03:56:10|-- Loading filter Tables
DEBUG   |181121 03:56:10|-- Loading filter Cvsfolders
DEBUG   |181121 03:56:10|-- Loading filter Excludefiles
DEBUG   |181121 03:56:10|-- Loading filter Excludefolders
DEBUG   |181121 03:56:10|-- Loading filter Excludetabledata
DEBUG   |181121 03:56:10|-- Loading filter Joomlaskipdirs
DEBUG   |181121 03:56:10|-- Loading filter Joomlaskipfiles
DEBUG   |181121 03:56:10|-- Loading filter Libraries
DEBUG   |181121 03:56:10|-- Loading filter Sitedb
DEBUG   |181121 03:56:10|-- Loading filter Siteroot
DEBUG   |181121 03:56:10|-- Loading filter Systemcachefiles
DEBUG   |181121 03:56:10|Loading optional filters
DEBUG   |181121 03:56:10|-- Loading optional filter Stack\StackErrorlogs
DEBUG   |181121 03:56:10|-- Loading optional filter Stack\StackHoststats
DEBUG   |181121 03:56:10|-- Loading optional filter Stack\StackActionlogs
DEBUG   |181121 03:56:10|-- Loading optional filter Stack\StackFinder
DEBUG   |181121 03:56:10|-- Loading optional filter Stack\StackMyjoomla
DEBUG   |181121 03:57:16|Fetching filter data from database
DEBUG   |181121 03:57:16|Loading filters
DEBUG   |181121 03:57:16|-- Loading filter Directories
DEBUG   |181121 03:57:16|-- Loading filter Extradirs
DEBUG   |181121 03:57:16|-- Loading filter Files
DEBUG   |181121 03:57:16|-- Loading filter Incremental
DEBUG   |181121 03:57:16|-- Loading filter Multidb
DEBUG   |181121 03:57:16|-- Loading filter Regexdirectories
DEBUG   |181121 03:57:16|-- Loading filter Regexfiles
DEBUG   |181121 03:57:16|-- Loading filter Regexskipdirs
DEBUG   |181121 03:57:16|-- Loading filter Regexskipfiles
DEBUG   |181121 03:57:16|-- Loading filter Regextabledata
DEBUG   |181121 03:57:16|-- Loading filter Regextables
DEBUG   |181121 03:57:16|-- Loading filter Skipdirs
DEBUG   |181121 03:57:16|-- Loading filter Skipfiles
DEBUG   |181121 03:57:16|-- Loading filter Tabledata
DEBUG   |181121 03:57:16|-- Loading filter Tables
DEBUG   |181121 03:57:16|-- Loading filter Cvsfolders
DEBUG   |181121 03:57:16|-- Loading filter Excludefiles
DEBUG   |181121 03:57:16|-- Loading filter Excludefolders
DEBUG   |181121 03:57:16|-- Loading filter Excludetabledata
DEBUG   |181121 03:57:16|-- Loading filter Joomlaskipdirs
DEBUG   |181121 03:57:16|-- Loading filter Joomlaskipfiles
DEBUG   |181121 03:57:16|-- Loading filter Libraries
DEBUG   |181121 03:57:16|-- Loading filter Sitedb
DEBUG   |181121 03:57:16|-- Loading filter Siteroot
DEBUG   |181121 03:57:16|-- Loading filter Systemcachefiles
DEBUG   |181121 03:57:16|Loading optional filters
DEBUG   |181121 03:57:16|-- Loading optional filter Stack\StackErrorlogs
DEBUG   |181121 03:57:16|-- Loading optional filter Stack\StackHoststats
DEBUG   |181121 03:57:16|-- Loading optional filter Stack\StackActionlogs
DEBUG   |181121 03:57:16|-- Loading optional filter Stack\StackFinder
DEBUG   |181121 03:57:16|-- Loading optional filter Stack\StackMyjoomla
DEBUG   |181121 04:02:57|Fetching filter data from database
DEBUG   |181121 04:02:57|Loading filters
DEBUG   |181121 04:02:57|-- Loading filter Directories
DEBUG   |181121 04:02:57|-- Loading filter Extradirs
DEBUG   |181121 04:02:57|-- Loading filter Files
DEBUG   |181121 04:02:57|-- Loading filter Incremental
DEBUG   |181121 04:02:57|-- Loading filter Multidb
DEBUG   |181121 04:02:57|-- Loading filter Regexdirectories
DEBUG   |181121 04:02:57|-- Loading filter Regexfiles
DEBUG   |181121 04:02:57|-- Loading filter Regexskipdirs
DEBUG   |181121 04:02:57|-- Loading filter Regexskipfiles
DEBUG   |181121 04:02:57|-- Loading filter Regextabledata
DEBUG   |181121 04:02:57|-- Loading filter Regextables
DEBUG   |181121 04:02:57|-- Loading filter Skipdirs
DEBUG   |181121 04:02:57|-- Loading filter Skipfiles
DEBUG   |181121 04:02:57|-- Loading filter Tabledata
DEBUG   |181121 04:02:57|-- Loading filter Tables
DEBUG   |181121 04:02:57|-- Loading filter Cvsfolders
DEBUG   |181121 04:02:57|-- Loading filter Excludefiles
DEBUG   |181121 04:02:57|-- Loading filter Excludefolders
DEBUG   |181121 04:02:57|-- Loading filter Excludetabledata
DEBUG   |181121 04:02:57|-- Loading filter Joomlaskipdirs
DEBUG   |181121 04:02:57|-- Loading filter Joomlaskipfiles
DEBUG   |181121 04:02:57|-- Loading filter Libraries
DEBUG   |181121 04:02:57|-- Loading filter Sitedb
DEBUG   |181121 04:02:57|-- Loading filter Siteroot
DEBUG   |181121 04:02:57|-- Loading filter Systemcachefiles
DEBUG   |181121 04:02:57|Loading optional filters
DEBUG   |181121 04:02:57|-- Loading optional filter Stack\StackErrorlogs
DEBUG   |181121 04:02:57|-- Loading optional filter Stack\StackHoststats
DEBUG   |181121 04:02:57|-- Loading optional filter Stack\StackActionlogs
DEBUG   |181121 04:02:57|-- Loading optional filter Stack\StackFinder
DEBUG   |181121 04:02:57|-- Loading optional filter Stack\StackMyjoomla
DEBUG   |181121 04:04:16|Fetching filter data from database
DEBUG   |181121 04:04:16|Loading filters
DEBUG   |181121 04:04:16|-- Loading filter Directories
DEBUG   |181121 04:04:16|-- Loading filter Extradirs
DEBUG   |181121 04:04:16|-- Loading filter Files
DEBUG   |181121 04:04:16|-- Loading filter Incremental
DEBUG   |181121 04:04:16|-- Loading filter Multidb
DEBUG   |181121 04:04:16|-- Loading filter Regexdirectories
DEBUG   |181121 04:04:16|-- Loading filter Regexfiles
DEBUG   |181121 04:04:16|-- Loading filter Regexskipdirs
DEBUG   |181121 04:04:16|-- Loading filter Regexskipfiles
DEBUG   |181121 04:04:16|-- Loading filter Regextabledata
DEBUG   |181121 04:04:16|-- Loading filter Regextables
DEBUG   |181121 04:04:16|-- Loading filter Skipdirs
DEBUG   |181121 04:04:16|-- Loading filter Skipfiles
DEBUG   |181121 04:04:16|-- Loading filter Tabledata
DEBUG   |181121 04:04:16|-- Loading filter Tables
DEBUG   |181121 04:04:16|-- Loading filter Cvsfolders
DEBUG   |181121 04:04:16|-- Loading filter Excludefiles
DEBUG   |181121 04:04:16|-- Loading filter Excludefolders
DEBUG   |181121 04:04:16|-- Loading filter Excludetabledata
DEBUG   |181121 04:04:16|-- Loading filter Joomlaskipdirs
DEBUG   |181121 04:04:16|-- Loading filter Joomlaskipfiles
DEBUG   |181121 04:04:16|-- Loading filter Libraries
DEBUG   |181121 04:04:16|-- Loading filter Sitedb
DEBUG   |181121 04:04:16|-- Loading filter Siteroot
DEBUG   |181121 04:04:16|-- Loading filter Systemcachefiles
DEBUG   |181121 04:04:16|Loading optional filters
DEBUG   |181121 04:04:16|-- Loading optional filter Stack\StackErrorlogs
DEBUG   |181121 04:04:16|-- Loading optional filter Stack\StackHoststats
DEBUG   |181121 04:04:16|-- Loading optional filter Stack\StackActionlogs
DEBUG   |181121 04:04:16|-- Loading optional filter Stack\StackFinder
DEBUG   |181121 04:04:16|-- Loading optional filter Stack\StackMyjoomla
DEBUG   |181121 06:30:59|Fetching filter data from database
DEBUG   |181121 06:30:59|Loading filters
DEBUG   |181121 06:30:59|-- Loading filter Directories
DEBUG   |181121 06:30:59|-- Loading filter Extradirs
DEBUG   |181121 06:30:59|-- Loading filter Files
DEBUG   |181121 06:30:59|-- Loading filter Incremental
DEBUG   |181121 06:30:59|-- Loading filter Multidb
DEBUG   |181121 06:30:59|-- Loading filter Regexdirectories
DEBUG   |181121 06:30:59|-- Loading filter Regexfiles
DEBUG   |181121 06:30:59|-- Loading filter Regexskipdirs
DEBUG   |181121 06:30:59|-- Loading filter Regexskipfiles
DEBUG   |181121 06:30:59|-- Loading filter Regextabledata
DEBUG   |181121 06:30:59|-- Loading filter Regextables
DEBUG   |181121 06:30:59|-- Loading filter Skipdirs
DEBUG   |181121 06:30:59|-- Loading filter Skipfiles
DEBUG   |181121 06:30:59|-- Loading filter Tabledata
DEBUG   |181121 06:30:59|-- Loading filter Tables
DEBUG   |181121 06:30:59|-- Loading filter Cvsfolders
DEBUG   |181121 06:30:59|-- Loading filter Excludefiles
DEBUG   |181121 06:30:59|-- Loading filter Excludefolders
DEBUG   |181121 06:30:59|-- Loading filter Excludetabledata
DEBUG   |181121 06:30:59|-- Loading filter Joomlaskipdirs
DEBUG   |181121 06:30:59|-- Loading filter Joomlaskipfiles
DEBUG   |181121 06:30:59|-- Loading filter Libraries
DEBUG   |181121 06:30:59|-- Loading filter Sitedb
DEBUG   |181121 06:30:59|-- Loading filter Siteroot
DEBUG   |181121 06:30:59|-- Loading filter Systemcachefiles
DEBUG   |181121 06:30:59|Loading optional filters
DEBUG   |181121 06:30:59|-- Loading optional filter Stack\StackErrorlogs
DEBUG   |181121 06:30:59|-- Loading optional filter Stack\StackHoststats
DEBUG   |181121 06:30:59|-- Loading optional filter Stack\StackActionlogs
DEBUG   |181121 06:30:59|-- Loading optional filter Stack\StackFinder
DEBUG   |181121 06:30:59|-- Loading optional filter Stack\StackMyjoomla
